2024-01-27	10:52:33	35882e0f-20db-45b1-afa2-a7f96fe7b106	GET	/	undefined
2024-01-27	10:52:33	e879f96b-145e-481b-9b36-30ab959db80f	GET	/css/style.css	undefined
2024-01-27	10:52:34	524127f9-8299-4aa5-b51a-e9c0752771ca	GET	/	undefined
2024-01-27	10:52:34	d5e7f9a6-c9eb-48d6-846b-91dac670cde3	GET	/css/style.css	undefined
2024-01-27	11:02:06	b9469c6d-255d-4b33-8525-85e236035fbf	GET	/	undefined
2024-01-27	11:02:06	17599786-281f-4faa-a82c-d369990fbaf5	GET	/css/style.css	undefined
2024-01-27	11:02:10	a2429a9b-2f06-417f-afa5-07f5a527b865	GET	/api	undefined
2024-01-27	11:02:10	ced84912-cdd5-4786-9294-42511615cd1a	GET	/css/style.css	undefined
2024-01-27	11:03:06	adbde7ad-824a-4bf6-a512-207ac7be6d34	GET	/api	undefined
2024-01-27	11:03:06	f727030e-4ce2-4653-8f51-5238d93e45b6	GET	/css/style.css	undefined
2024-01-27	11:03:08	3badc1ef-aae1-4b6a-9829-8121a7112372	GET	/api	undefined
2024-01-27	11:03:08	6ee63b38-5aa2-4dfe-b1f6-25a9078f8624	GET	/css/style.css	undefined
2024-01-27	11:03:35	e2b3106a-02e6-43e0-831d-f703d81c5cb4	GET	/api	undefined
2024-01-27	11:03:35	5d8a39fe-d28e-4d24-85f2-efe8ba51e1a3	GET	/css/style.css	undefined
2024-01-27	11:03:39	09bad5e7-97a4-4fe0-ba10-4b917251f1dc	GET	/	undefined
2024-01-27	11:03:39	e8f47a00-953c-49fa-8a63-c0969e032387	GET	/css/style.css	undefined
2024-01-27	11:03:42	593c93e6-4211-43ac-8296-9623498720f9	GET	/	undefined
2024-01-27	11:03:42	ef37a256-7a45-4b05-a83e-f4621683aa34	GET	/css/style.css	undefined
2024-01-27	11:03:42	12006b67-39ca-404b-ac0b-28032e57fd08	GET	/	undefined
2024-01-27	11:03:42	b919b49e-10d6-428a-acf7-96437b1bd86c	GET	/css/style.css	undefined
2024-01-27	11:04:01	fe68d1c1-c688-4da6-a077-8868599ac239	GET	/	undefined
2024-01-27	11:04:01	bcffdaa1-e32b-4404-a2e6-49a909c927ea	GET	/css/style.css	undefined
2024-01-27	11:04:05	41e69bc0-7910-4685-b032-741c3b2fb2a8	GET	/api	undefined
2024-01-27	11:04:05	afdf6ae3-374d-46b1-b2e9-7798b62179eb	GET	/css/style.css	undefined
2024-01-27	11:04:07	1d7c6043-b313-4420-aec3-765e1fc232db	GET	/api	undefined
2024-01-27	11:04:07	c29ba392-47e6-4c3d-b513-822f867af33d	GET	/css/style.css	undefined
2024-01-27	11:04:09	5ea4243e-6e2a-42a6-b919-1958391a30b8	GET	/	undefined
2024-01-27	11:04:09	311d99e8-f3b6-4e90-b576-949484e8a88c	GET	/css/style.css	undefined
2024-01-27	23:30:28	dd1e9221-17d7-4217-85fa-d6cc775397c6	GET	/api/user/all	undefined
2024-01-27	23:33:40	0ef4b573-3c25-4bb6-9336-dc0ed5470812	POST	/api/user	undefined
2024-01-27	23:34:07	6336495e-7449-4b5c-a469-705e5f19c7dd	POST	/api/user/new	undefined
2024-01-27	23:35:33	8db75430-f84f-4255-8c55-acdbbf3a1d7f	POST	/api/user/new	undefined
2024-01-27	23:36:35	e4e6bdf9-ecc2-4dd1-a144-17da30b794a5	POST	/api/user/new	undefined
2024-01-27	23:37:38	f75d6830-e578-4998-800c-af8e4571d141	POST	/api/user/new	undefined
2024-01-27	23:40:46	23f54764-02d7-4b71-9e51-705f617ccafd	POST	/api/user/new	undefined
2024-01-27	23:42:32	9536846e-b3a4-4da0-b00c-6f26bfffa667	GET	/api/user/all	undefined
2024-01-27	23:42:46	c09a71a2-dc74-4639-9c86-1fb7d9cb2037	GET	/api/user/all	undefined
2024-01-27	23:43:10	bef4f960-6a7f-4ad3-9e51-7e0d429cc956	GET	/api/user/all	undefined
